<?xml version="1.0" encoding="UTF-8"?>
<!-- Generated by org.testng.reporters.JUnitReportReporter -->
<testsuite skipped="0" hostname="DESKTOP-TV7DPT6" name="tests.Home_TC01" tests="2" failures="0" timestamp="2021-02-12T18:13:20 IST" time="0.044" errors="0">
  <testcase name="HomePage_TC1" time="0.036" classname="tests.Home_TC01"/>
  <system-out/>
  <testcase name="HomePage_TC2" time="0.008" classname="tests.Home_TC01"/>
  <system-out/>
</testsuite> <!-- tests.Home_TC01 -->
