<?xml version="1.0" encoding="UTF-8"?>
<!-- Generated by org.testng.reporters.JUnitReportReporter -->
<testsuite skipped="0" hostname="DESKTOP-TV7DPT6" name="pages.HomePage" tests="2" failures="0" timestamp="2021-02-12T17:46:01 IST" time="0.055" errors="0">
  <testcase name="HomePage_TC1" time="0.053" classname="pages.HomePage"/>
  <system-out/>
  <testcase name="HomePage_TC2" time="0.002" classname="pages.HomePage"/>
  <system-out/>
</testsuite> <!-- pages.HomePage -->
