<?xml version="1.0" encoding="UTF-8"?>
<!-- Generated by org.testng.reporters.JUnitReportReporter -->
<testsuite skipped="0" hostname="DESKTOP-TV7DPT6" name="utility.FileUpload" tests="1" failures="0" timestamp="2021-03-04T12:07:07 IST" time="14.403" errors="0">
  <testcase name="fileUpload" time="14.403" classname="utility.FileUpload"/>
  <system-out/>
</testsuite> <!-- utility.FileUpload -->
